Build started 2011-05-03 01:35:40.
     1>Project "C:\ProgramData\NVIDIA Corporation\NVIDIA GPU Computing SDK 3.2\OpenCL\src\GPUFeatureExtraction\GPUFeatureExtraction.vcxproj" on node 2 (build target(s)).
     1>InitializeBuildStatus:
         Creating "Debug\GPUFeatureExtraction.unsuccessfulbuild" because "AlwaysCreate" was specified.
       ClCompile:
         C:\Program Files (x86)\Microsoft Visual Studio 10.0\VC\bin\CL.exe /c /I../../common/inc/ /I../../../shared/inc/ /IC:\OpenCV2.0\include\opencv /ZI /nologo /W3 /WX- /Od /Oy- /D WIN32 /D _DEBUG /D _CONSOLE /D _UNICODE /D UNICODE /Gm /EHsc /RTC1 /MTd /GS /fp:precise /Zc:wchar_t /Zc:forScope /Fo"Debug\\" /Fd"Debug\vc100.pdb" /Gd /TP /analyze- /errorReport:prompt main.cpp
         main.cpp
         Note: including windows.h
         Note: including math.h
         Note: including assert.h
         Note: including rendercheckGL.h
         Note: including <vector>
         Note: including <map>
         Note: including <string>
         Note: including GL/glew.h
         Note: including GL/glut.h
         Note: including lib: glut32.lib
         
         Note: including shrUtils.h
         Note: including opencl.h
       ManifestResourceCompile:
         All outputs are up-to-date.
       Link:
         C:\Program Files (x86)\Microsoft Visual Studio 10.0\VC\bin\link.exe /ERRORREPORT:PROMPT /OUT:"..\..\bin\Win32\Debug\GPUFeatureExtraction.exe" /INCREMENTAL /NOLOGO /LIBPATH:../../common/lib/ /LIBPATH:../../../shared/lib /LIBPATH:../../common/lib/Win32/ /LIBPATH:D:\DisCODe\DisCODeEnv\libs\opencv\lib oclUtils32D.lib glut32.lib OpenCL.lib shrUtils32D.lib C:\OpenCV2.2\lib\opencv_core220d.lib C:\OpenCV2.2\lib\opencv_highgui220d.lib C:\OpenCV2.2\lib\opencv_video220d.lib C:\OpenCV2.2\lib\opencv_ml220d.lib C:\OpenCV2.2\lib\opencv_legacy220d.lib C:\OpenCV2.2\lib\opencv_imgproc220d.lib kernel32.lib user32.lib gdi32.lib winspool.lib comdlg32.lib advapi32.lib shell32.lib ole32.lib oleaut32.lib uuid.lib odbc32.lib odbccp32.lib /MANIFEST /ManifestFile:"Debug\GPUFeatureExtraction.exe.intermediate.manifest" /MANIFESTUAC:"level='asInvoker' uiAccess='false'" /DEBUG /PDB:"C:\ProgramData\NVIDIA Corporation\NVIDIA GPU Computing SDK 3.2\OpenCL\bin\Win32\Debug\GPUFeatureExtraction.pdb" /SUBSYSTEM:CONSOLE /TLBID:1 /DYNAMICBASE:NO /IMPLIB:"..\..\bin\Win32\Debug\GPUFeatureExtraction.lib" /MACHINE:X86 Debug\GPUFeatureExtraction.exe.embed.manifest.res
         Debug\GPUImageProcessor.obj
         Debug\main.obj
         Debug\GPUTransferManager.obj
         Debug\Moments.obj
       Manifest:
         C:\Program Files (x86)\Microsoft SDKs\Windows\v7.0A\bin\mt.exe /nologo /verbose /out:"Debug\GPUFeatureExtraction.exe.embed.manifest" /manifest Debug\GPUFeatureExtraction.exe.intermediate.manifest
         All outputs are up-to-date.
       LinkEmbedManifest:
         All outputs are up-to-date.
         GPUFeatureExtraction.vcxproj -> C:\ProgramData\NVIDIA Corporation\NVIDIA GPU Computing SDK 3.2\OpenCL\src\GPUFeatureExtraction\..\..\bin\Win32\Debug\GPUFeatureExtraction.exe
       FinalizeBuildStatus:
         Deleting file "Debug\GPUFeatureExtraction.unsuccessfulbuild".
         Touching "Debug\GPUFeatureExtraction.lastbuildstate".
     1>Done Building Project "C:\ProgramData\NVIDIA Corporation\NVIDIA GPU Computing SDK 3.2\OpenCL\src\GPUFeatureExtraction\GPUFeatureExtraction.vcxproj" (build target(s)).

Build succeeded.

Time Elapsed 00:00:01.42
