..\..\bin\Win32\Debug\GPUFeatureExtraction.ilk
..\..\bin\Win32\Debug\GPUFeatureExtraction.pdb
C:\PROGRAMDATA\NVIDIA CORPORATION\NVIDIA GPU COMPUTING SDK 3.2\OPENCL\BIN\WIN32\DEBUG\GPUFEATUREEXTRACTION.EXE
C:\PROGRAMDATA\NVIDIA CORPORATION\NVIDIA GPU COMPUTING SDK 3.2\OPENCL\BIN\WIN32\DEBUG\GPUFEATUREEXTRACTION.ILK
C:\PROGRAMDATA\NVIDIA CORPORATION\NVIDIA GPU COMPUTING SDK 3.2\OPENCL\BIN\WIN32\DEBUG\GPUFEATUREEXTRACTION.PDB
C:\ProgramData\NVIDIA Corporation\NVIDIA GPU Computing SDK 3.2\OpenCL\src\GPUFeatureExtraction\..\..\bin\Win32\Debug\GPUFeatureExtraction.exe
C:\ProgramData\NVIDIA Corporation\NVIDIA GPU Computing SDK 3.2\OpenCL\src\GPUFeatureExtraction\Debug\cl.command.1.tlog
C:\ProgramData\NVIDIA Corporation\NVIDIA GPU Computing SDK 3.2\OpenCL\src\GPUFeatureExtraction\Debug\CL.read.1.tlog
C:\ProgramData\NVIDIA Corporation\NVIDIA GPU Computing SDK 3.2\OpenCL\src\GPUFeatureExtraction\Debug\CL.write.1.tlog
C:\PROGRAMDATA\NVIDIA CORPORATION\NVIDIA GPU COMPUTING SDK 3.2\OPENCL\SRC\GPUFEATUREEXTRACTION\DEBUG\GPUFEATUREEXTRACTION.EXE.EMBED.MANIFEST
C:\PROGRAMDATA\NVIDIA CORPORATION\NVIDIA GPU COMPUTING SDK 3.2\OPENCL\SRC\GPUFEATUREEXTRACTION\DEBUG\GPUFEATUREEXTRACTION.EXE.EMBED.MANIFEST.RES
C:\PROGRAMDATA\NVIDIA CORPORATION\NVIDIA GPU COMPUTING SDK 3.2\OPENCL\SRC\GPUFEATUREEXTRACTION\DEBUG\GPUFEATUREEXTRACTION.EXE.INTERMEDIATE.MANIFEST
C:\ProgramData\NVIDIA Corporation\NVIDIA GPU Computing SDK 3.2\OpenCL\src\GPUFeatureExtraction\Debug\GPUFeatureExtraction_manifest.rc
C:\PROGRAMDATA\NVIDIA CORPORATION\NVIDIA GPU COMPUTING SDK 3.2\OPENCL\SRC\GPUFEATUREEXTRACTION\DEBUG\GPUIMAGEPROCESSOR.OBJ
C:\PROGRAMDATA\NVIDIA CORPORATION\NVIDIA GPU COMPUTING SDK 3.2\OPENCL\SRC\GPUFEATUREEXTRACTION\DEBUG\GPUTRANSFERMANAGER.OBJ
C:\ProgramData\NVIDIA Corporation\NVIDIA GPU Computing SDK 3.2\OpenCL\src\GPUFeatureExtraction\Debug\link.1088.read.1.tlog
C:\ProgramData\NVIDIA Corporation\NVIDIA GPU Computing SDK 3.2\OpenCL\src\GPUFeatureExtraction\Debug\link.1088.write.1.tlog
C:\ProgramData\NVIDIA Corporation\NVIDIA GPU Computing SDK 3.2\OpenCL\src\GPUFeatureExtraction\Debug\link.1088-cvtres.read.1.tlog
C:\ProgramData\NVIDIA Corporation\NVIDIA GPU Computing SDK 3.2\OpenCL\src\GPUFeatureExtraction\Debug\link.1088-cvtres.write.1.tlog
C:\ProgramData\NVIDIA Corporation\NVIDIA GPU Computing SDK 3.2\OpenCL\src\GPUFeatureExtraction\Debug\link.1412.read.1.tlog
C:\ProgramData\NVIDIA Corporation\NVIDIA GPU Computing SDK 3.2\OpenCL\src\GPUFeatureExtraction\Debug\link.1412.write.1.tlog
C:\ProgramData\NVIDIA Corporation\NVIDIA GPU Computing SDK 3.2\OpenCL\src\GPUFeatureExtraction\Debug\link.1412-cvtres.read.1.tlog
C:\ProgramData\NVIDIA Corporation\NVIDIA GPU Computing SDK 3.2\OpenCL\src\GPUFeatureExtraction\Debug\link.1412-cvtres.write.1.tlog
C:\ProgramData\NVIDIA Corporation\NVIDIA GPU Computing SDK 3.2\OpenCL\src\GPUFeatureExtraction\Debug\link.1956.read.1.tlog
C:\ProgramData\NVIDIA Corporation\NVIDIA GPU Computing SDK 3.2\OpenCL\src\GPUFeatureExtraction\Debug\link.1956.write.1.tlog
C:\ProgramData\NVIDIA Corporation\NVIDIA GPU Computing SDK 3.2\OpenCL\src\GPUFeatureExtraction\Debug\link.1956-cvtres.read.1.tlog
C:\ProgramData\NVIDIA Corporation\NVIDIA GPU Computing SDK 3.2\OpenCL\src\GPUFeatureExtraction\Debug\link.1956-cvtres.write.1.tlog
C:\ProgramData\NVIDIA Corporation\NVIDIA GPU Computing SDK 3.2\OpenCL\src\GPUFeatureExtraction\Debug\link.command.1.tlog
C:\ProgramData\NVIDIA Corporation\NVIDIA GPU Computing SDK 3.2\OpenCL\src\GPUFeatureExtraction\Debug\link.read.1.tlog
C:\ProgramData\NVIDIA Corporation\NVIDIA GPU Computing SDK 3.2\OpenCL\src\GPUFeatureExtraction\Debug\link.write.1.tlog
C:\ProgramData\NVIDIA Corporation\NVIDIA GPU Computing SDK 3.2\OpenCL\src\GPUFeatureExtraction\Debug\link-cvtres.read.1.tlog
C:\ProgramData\NVIDIA Corporation\NVIDIA GPU Computing SDK 3.2\OpenCL\src\GPUFeatureExtraction\Debug\link-cvtres.write.1.tlog
C:\PROGRAMDATA\NVIDIA CORPORATION\NVIDIA GPU COMPUTING SDK 3.2\OPENCL\SRC\GPUFEATUREEXTRACTION\DEBUG\MAIN.OBJ
C:\PROGRAMDATA\NVIDIA CORPORATION\NVIDIA GPU COMPUTING SDK 3.2\OPENCL\SRC\GPUFEATUREEXTRACTION\DEBUG\MOMENTS.OBJ
C:\ProgramData\NVIDIA Corporation\NVIDIA GPU Computing SDK 3.2\OpenCL\src\GPUFeatureExtraction\Debug\mt.command.1.tlog
C:\ProgramData\NVIDIA Corporation\NVIDIA GPU Computing SDK 3.2\OpenCL\src\GPUFeatureExtraction\Debug\mt.read.1.tlog
C:\ProgramData\NVIDIA Corporation\NVIDIA GPU Computing SDK 3.2\OpenCL\src\GPUFeatureExtraction\Debug\mt.write.1.tlog
C:\ProgramData\NVIDIA Corporation\NVIDIA GPU Computing SDK 3.2\OpenCL\src\GPUFeatureExtraction\Debug\rc.command.1.tlog
C:\ProgramData\NVIDIA Corporation\NVIDIA GPU Computing SDK 3.2\OpenCL\src\GPUFeatureExtraction\Debug\rc.read.1.tlog
C:\ProgramData\NVIDIA Corporation\NVIDIA GPU Computing SDK 3.2\OpenCL\src\GPUFeatureExtraction\Debug\rc.write.1.tlog
C:\ProgramData\NVIDIA Corporation\NVIDIA GPU Computing SDK 3.2\OpenCL\src\GPUFeatureExtraction\Debug\vc100.idb
C:\PROGRAMDATA\NVIDIA CORPORATION\NVIDIA GPU COMPUTING SDK 3.2\OPENCL\SRC\GPUFEATUREEXTRACTION\DEBUG\VC100.PDB
