Build started 2011-11-15 13:42:22.
     1>Project "C:\Users\Mati\Desktop\Dropbox\MGR\GPUFeatureExtraction\GPUFeatureExtraction.vcxproj" on node 2 (build target(s)).
     1>PrepareForBuild:
         Creating directory "..\..\bin\Win32\Release\".
       InitializeBuildStatus:
         Creating "Release\GPUFeatureExtraction.unsuccessfulbuild" because "AlwaysCreate" was specified.
       ClCompile:
         C:\Program Files (x86)\Microsoft Visual Studio 10.0\VC\bin\CL.exe /c /I../../common/inc/ /I../../../shared/inc/ /Zi /nologo /W3 /WX- /O2 /Oy- /D WIN32 /D NDEBUG /D _CONSOLE /D _UNICODE /D UNICODE /Gm- /EHsc /MT /GS /fp:precise /Zc:wchar_t /Zc:forScope /Fo"Release\\" /Fd"Release\vc100.pdb" /Gd /TP /analyze- /errorReport:prompt GPUImageProcessor.cpp GPUTransferManager.cpp Feature.cpp SIFT.cpp stdafx.cpp main.cpp
         GPUImageProcessor.cpp
     1>c:\users\mati\desktop\dropbox\mgr\gpufeatureextraction\GPUImageProcessor.h(11): fatal error C1083: Cannot open include file: 'oclUtils.h': No such file or directory
         GPUTransferManager.cpp
     1>c:\users\mati\desktop\dropbox\mgr\gpufeatureextraction\GPUTransferManager.h(12): fatal error C1083: Cannot open include file: 'oclUtils.h': No such file or directory
         Feature.cpp
     1>c:\users\mati\desktop\dropbox\mgr\gpufeatureextraction\Feature.h(11): fatal error C1083: Cannot open include file: 'oclUtils.h': No such file or directory
         SIFT.cpp
     1>c:\users\mati\desktop\dropbox\mgr\gpufeatureextraction\SIFT.h(10): fatal error C1083: Cannot open include file: 'cv.h': No such file or directory
         stdafx.cpp
         main.cpp
     1>main.cpp(1): fatal error C1083: Cannot open include file: 'oclUtils.h': No such file or directory
         Generating Code...
     1>Done Building Project "C:\Users\Mati\Desktop\Dropbox\MGR\GPUFeatureExtraction\GPUFeatureExtraction.vcxproj" (build target(s)) -- FAILED.

Build FAILED.

Time Elapsed 00:00:01.06
